# JRE version: OpenJDK Runtime Environment Temurin-17.0.7+7 (17.0.7+7) (build 17.0.7+7)
# Java VM: OpenJDK 64-Bit Server VM Temurin-17.0.7+7 (17.0.7+7, mixed mode, tiered, compressed oops, compressed class ptrs, parallel gc, windows-amd64)
GC Precious Log:
 CPUs: 4 total, 4 available
 Memory: 4007M
 Large Page Support: Disabled
 NUMA Support: Disabled
 Compressed Oops: Enabled (32-bit)
 Alignments: Space 512K, Generation 512K, Heap 2M
 Heap Min Capacity: 100M
 Heap Initial Capacity: 100M
 Heap Max Capacity: 1G
 Pre-touch: Disabled
 Parallel Workers: 4
Heap:
 PSYoungGen      total 8192K, used 7608K [0x00000000eab00000, 0x00000000eb400000, 0x0000000100000000)
  eden space 7168K, 95% used [0x00000000eab00000,0x00000000eb1a91b8,0x00000000eb200000)
  from space 1024K, 77% used [0x00000000eb200000,0x00000000eb2c5200,0x00000000eb300000)
  to   space 1024K, 0% used [0x00000000eb300000,0x00000000eb300000,0x00000000eb400000)
 ParOldGen       total 316416K, used 284229K [0x00000000c0000000, 0x00000000d3500000, 0x00000000eab00000)
  object space 316416K, 89% used [0x00000000c0000000,0x00000000d15916b0,0x00000000d3500000)
 Metaspace       used 100382K, committed 101888K, reserved 1179648K
  class space    used 9903K, committed 10560K, reserved 1048576K
GC Heap History (20 events):
Event: 13771.971 GC heap before
{Heap before GC invocations=14911 (full 212):
 PSYoungGen      total 5120K, used 3341K [0x00000000eab00000, 0x00000000eb100000, 0x0000000100000000)
  eden space 3072K, 97% used [0x00000000eab00000,0x00000000eadeb628,0x00000000eae00000)
  from space 2048K, 17% used [0x00000000eae00000,0x00000000eae58000,0x00000000eb000000)
  to   space 1024K, 0% used [0x00000000eb000000,0x00000000eb000000,0x00000000eb100000)
 ParOldGen       total 316416K, used 277368K [0x00000000c0000000, 0x00000000d3500000, 0x00000000eab00000)
  object space 316416K, 87% used [0x00000000c0000000,0x00000000d0ede2d0,0x00000000d3500000)
 Metaspace       used 100364K, committed 101888K, reserved 1179648K
  class space    used 9901K, committed 10560K, reserved 1048576K
}
Event: 13771.976 GC heap after
{Heap after GC invocations=14911 (full 212):
 PSYoungGen      total 5120K, used 576K [0x00000000eab00000, 0x00000000eb100000, 0x0000000100000000)
  eden space 4096K, 0% used [0x00000000eab00000,0x00000000eab00000,0x00000000eaf00000)
  from space 1024K, 56% used [0x00000000eb000000,0x00000000eb090000,0x00000000eb100000)
  to   space 1024K, 0% used [0x00000000eaf00000,0x00000000eaf00000,0x00000000eb000000)
 ParOldGen       total 316416K, used 277728K [0x00000000c0000000, 0x00000000d3500000, 0x00000000eab00000)
  object space 316416K, 87% used [0x00000000c0000000,0x00000000d0f382d0,0x00000000d3500000)
 Metaspace       used 100364K, committed 101888K, reserved 1179648K
  class space    used 9901K, committed 10560K, reserved 1048576K
}
Event: 13772.014 GC heap before
{Heap before GC invocations=14912 (full 212):
 PSYoungGen      total 5120K, used 4672K [0x00000000eab00000, 0x00000000eb100000, 0x0000000100000000)
  eden space 4096K, 100% used [0x00000000eab00000,0x00000000eaf00000,0x00000000eaf00000)
  from space 1024K, 56% used [0x00000000eb000000,0x00000000eb090000,0x00000000eb100000)
  to   space 1024K, 0% used [0x00000000eaf00000,0x00000000eaf00000,0x00000000eb000000)
 ParOldGen       total 316416K, used 277728K [0x00000000c0000000, 0x00000000d3500000, 0x00000000eab00000)
  object space 316416K, 87% used [0x00000000c0000000,0x00000000d0f382d0,0x00000000d3500000)
 Metaspace       used 100364K, committed 101888K, reserved 1179648K
  class space    used 9901K, committed 10560K, reserved 1048576K
}
Event: 13772.021 GC heap after
{Heap after GC invocations=14912 (full 212):
 PSYoungGen      total 5120K, used 477K [0x00000000eab00000, 0x00000000eb200000, 0x0000000100000000)
  eden space 4096K, 0% used [0x00000000eab00000,0x00000000eab00000,0x00000000eaf00000)
  from space 1024K, 46% used [0x00000000eaf00000,0x00000000eaf777f0,0x00000000eb000000)
  to   space 1024K, 0% used [0x00000000eb100000,0x00000000eb100000,0x00000000eb200000)
 ParOldGen       total 316416K, used 278238K [0x00000000c0000000, 0x00000000d3500000, 0x00000000eab00000)
  object space 316416K, 87% used [0x00000000c0000000,0x00000000d0fb7860,0x00000000d3500000)
 Metaspace       used 100364K, committed 101888K, reserved 1179648K
  class space    used 9901K, committed 10560K, reserved 1048576K
}
Event: 13776.497 GC heap before
{Heap before GC invocations=14913 (full 212):
 PSYoungGen      total 5120K, used 4573K [0x00000000eab00000, 0x00000000eb200000, 0x0000000100000000)
  eden space 4096K, 100% used [0x00000000eab00000,0x00000000eaf00000,0x00000000eaf00000)
  from space 1024K, 46% used [0x00000000eaf00000,0x00000000eaf777f0,0x00000000eb000000)
  to   space 1024K, 0% used [0x00000000eb100000,0x00000000eb100000,0x00000000eb200000)
 ParOldGen       total 316416K, used 278238K [0x00000000c0000000, 0x00000000d3500000, 0x00000000eab00000)
  object space 316416K, 87% used [0x00000000c0000000,0x00000000d0fb7860,0x00000000d3500000)
 Metaspace       used 100367K, committed 101888K, reserved 1179648K
  class space    used 9901K, committed 10560K, reserved 1048576K
}
Event: 13776.500 GC heap after
{Heap after GC invocations=14913 (full 212):
 PSYoungGen      total 5632K, used 148K [0x00000000eab00000, 0x00000000eb180000, 0x0000000100000000)
  eden space 5120K, 0% used [0x00000000eab00000,0x00000000eab00000,0x00000000eb000000)
  from space 512K, 29% used [0x00000000eb100000,0x00000000eb125200,0x00000000eb180000)
  to   space 512K, 0% used [0x00000000eb080000,0x00000000eb080000,0x00000000eb100000)
 ParOldGen       total 316416K, used 278246K [0x00000000c0000000, 0x00000000d3500000, 0x00000000eab00000)
  object space 316416K, 87% used [0x00000000c0000000,0x00000000d0fb9860,0x00000000d3500000)
 Metaspace       used 100367K, committed 101888K, reserved 1179648K
  class space    used 9901K, committed 10560K, reserved 1048576K
}
Event: 13776.634 GC heap before
{Heap before GC invocations=14914 (full 212):
 PSYoungGen      total 5632K, used 5268K [0x00000000eab00000, 0x00000000eb180000, 0x0000000100000000)
  eden space 5120K, 100% used [0x00000000eab00000,0x00000000eb000000,0x00000000eb000000)
  from space 512K, 29% used [0x00000000eb100000,0x00000000eb125200,0x00000000eb180000)
  to   space 512K, 0% used [0x00000000eb080000,0x00000000eb080000,0x00000000eb100000)
 ParOldGen       total 316416K, used 278246K [0x00000000c0000000, 0x00000000d3500000, 0x00000000eab00000)
  object space 316416K, 87% used [0x00000000c0000000,0x00000000d0fb9860,0x00000000d3500000)
 Metaspace       used 100367K, committed 101888K, reserved 1179648K
  class space    used 9901K, committed 10560K, reserved 1048576K
}
Event: 13776.657 GC heap after
{Heap after GC invocations=14914 (full 212):
 PSYoungGen      total 6144K, used 497K [0x00000000eab00000, 0x00000000eb900000, 0x0000000100000000)
  eden space 5632K, 0% used [0x00000000eab00000,0x00000000eab00000,0x00000000eb080000)
  from space 512K, 97% used [0x00000000eb080000,0x00000000eb0fc4e0,0x00000000eb100000)
  to   space 4096K, 0% used [0x00000000eb500000,0x00000000eb500000,0x00000000eb900000)
 ParOldGen       total 316416K, used 281211K [0x00000000c0000000, 0x00000000d3500000, 0x00000000eab00000)
  object space 316416K, 88% used [0x00000000c0000000,0x00000000d129edd8,0x00000000d3500000)
 Metaspace       used 100367K, committed 101888K, reserved 1179648K
  class space    used 9901K, committed 10560K, reserved 1048576K
}
Event: 13776.875 GC heap before
{Heap before GC invocations=14915 (full 212):
 PSYoungGen      total 6144K, used 6129K [0x00000000eab00000, 0x00000000eb900000, 0x0000000100000000)
  eden space 5632K, 100% used [0x00000000eab00000,0x00000000eb080000,0x00000000eb080000)
  from space 512K, 97% used [0x00000000eb080000,0x00000000eb0fc4e0,0x00000000eb100000)
  to   space 4096K, 0% used [0x00000000eb500000,0x00000000eb500000,0x00000000eb900000)
 ParOldGen       total 316416K, used 281211K [0x00000000c0000000, 0x00000000d3500000, 0x00000000eab00000)
  object space 316416K, 88% used [0x00000000c0000000,0x00000000d129edd8,0x00000000d3500000)
 Metaspace       used 100367K, committed 101888K, reserved 1179648K
  class space    used 9901K, committed 10560K, reserved 1048576K
}
Event: 13776.882 GC heap after
{Heap after GC invocations=14915 (full 212):
 PSYoungGen      total 10240K, used 2693K [0x00000000eab00000, 0x00000000eb800000, 0x0000000100000000)
  eden space 7168K, 0% used [0x00000000eab00000,0x00000000eab00000,0x00000000eb200000)
  from space 3072K, 87% used [0x00000000eb500000,0x00000000eb7a1558,0x00000000eb800000)
  to   space 3072K, 0% used [0x00000000eb200000,0x00000000eb200000,0x00000000eb500000)
 ParOldGen       total 316416K, used 281685K [0x00000000c0000000, 0x00000000d3500000, 0x00000000eab00000)
  object space 316416K, 89% used [0x00000000c0000000,0x00000000d1315770,0x00000000d3500000)
 Metaspace       used 100367K, committed 101888K, reserved 1179648K
  class space    used 9901K, committed 10560K, reserved 1048576K
}
Event: 13777.023 GC heap before
{Heap before GC invocations=14916 (full 212):
 PSYoungGen      total 10240K, used 9844K [0x00000000eab00000, 0x00000000eb800000, 0x0000000100000000)
  eden space 7168K, 99% used [0x00000000eab00000,0x00000000eb1fbd68,0x00000000eb200000)
  from space 3072K, 87% used [0x00000000eb500000,0x00000000eb7a1558,0x00000000eb800000)
  to   space 3072K, 0% used [0x00000000eb200000,0x00000000eb200000,0x00000000eb500000)
 ParOldGen       total 316416K, used 281685K [0x00000000c0000000, 0x00000000d3500000, 0x00000000eab00000)
  object space 316416K, 89% used [0x00000000c0000000,0x00000000d1315770,0x00000000d3500000)
 Metaspace       used 100367K, committed 101888K, reserved 1179648K
  class space    used 9901K, committed 10560K, reserved 1048576K
}
Event: 13777.035 GC heap after
{Heap after GC invocations=14916 (full 212):
 PSYoungGen      total 7680K, used 352K [0x00000000eab00000, 0x00000000eb580000, 0x0000000100000000)
  eden space 7168K, 0% used [0x00000000eab00000,0x00000000eab00000,0x00000000eb200000)
  from space 512K, 68% used [0x00000000eb200000,0x00000000eb258000,0x00000000eb280000)
  to   space 1536K, 0% used [0x00000000eb400000,0x00000000eb400000,0x00000000eb580000)
 ParOldGen       total 316416K, used 282613K [0x00000000c0000000, 0x00000000d3500000, 0x00000000eab00000)
  object space 316416K, 89% used [0x00000000c0000000,0x00000000d13fd770,0x00000000d3500000)
 Metaspace       used 100367K, committed 101888K, reserved 1179648K
  class space    used 9901K, committed 10560K, reserved 1048576K
}
Event: 13779.582 GC heap before
{Heap before GC invocations=14917 (full 212):
 PSYoungGen      total 7680K, used 7520K [0x00000000eab00000, 0x00000000eb580000, 0x0000000100000000)
  eden space 7168K, 100% used [0x00000000eab00000,0x00000000eb200000,0x00000000eb200000)
  from space 512K, 68% used [0x00000000eb200000,0x00000000eb258000,0x00000000eb280000)
  to   space 1536K, 0% used [0x00000000eb400000,0x00000000eb400000,0x00000000eb580000)
 ParOldGen       total 316416K, used 282613K [0x00000000c0000000, 0x00000000d3500000, 0x00000000eab00000)
  object space 316416K, 89% used [0x00000000c0000000,0x00000000d13fd770,0x00000000d3500000)
 Metaspace       used 100369K, committed 101888K, reserved 1179648K
  class space    used 9901K, committed 10560K, reserved 1048576K
}
Event: 13779.586 GC heap after
{Heap after GC invocations=14917 (full 212):
 PSYoungGen      total 7680K, used 132K [0x00000000eab00000, 0x00000000eb480000, 0x0000000100000000)
  eden space 7168K, 0% used [0x00000000eab00000,0x00000000eab00000,0x00000000eb200000)
  from space 512K, 25% used [0x00000000eb400000,0x00000000eb4210f8,0x00000000eb480000)
  to   space 512K, 0% used [0x00000000eb200000,0x00000000eb200000,0x00000000eb280000)
 ParOldGen       total 316416K, used 282809K [0x00000000c0000000, 0x00000000d3500000, 0x00000000eab00000)
  object space 316416K, 89% used [0x00000000c0000000,0x00000000d142e790,0x00000000d3500000)
 Metaspace       used 100369K, committed 101888K, reserved 1179648K
  class space    used 9901K, committed 10560K, reserved 1048576K
}
Event: 13782.679 GC heap before
{Heap before GC invocations=14918 (full 212):
 PSYoungGen      total 7680K, used 7300K [0x00000000eab00000, 0x00000000eb480000, 0x0000000100000000)
  eden space 7168K, 100% used [0x00000000eab00000,0x00000000eb200000,0x00000000eb200000)
  from space 512K, 25% used [0x00000000eb400000,0x00000000eb4210f8,0x00000000eb480000)
  to   space 512K, 0% used [0x00000000eb200000,0x00000000eb200000,0x00000000eb280000)
 ParOldGen       total 316416K, used 282809K [0x00000000c0000000, 0x00000000d3500000, 0x00000000eab00000)
  object space 316416K, 89% used [0x00000000c0000000,0x00000000d142e790,0x00000000d3500000)
 Metaspace       used 100369K, committed 101888K, reserved 1179648K
  class space    used 9901K, committed 10560K, reserved 1048576K
}
Event: 13782.682 GC heap after
{Heap after GC invocations=14918 (full 212):
 PSYoungGen      total 7680K, used 510K [0x00000000eab00000, 0x00000000eb480000, 0x0000000100000000)
  eden space 7168K, 0% used [0x00000000eab00000,0x00000000eab00000,0x00000000eb200000)
  from space 512K, 99% used [0x00000000eb200000,0x00000000eb27f9f8,0x00000000eb280000)
  to   space 1024K, 0% used [0x00000000eb380000,0x00000000eb380000,0x00000000eb480000)
 ParOldGen       total 316416K, used 282865K [0x00000000c0000000, 0x00000000d3500000, 0x00000000eab00000)
  object space 316416K, 89% used [0x00000000c0000000,0x00000000d143c790,0x00000000d3500000)
 Metaspace       used 100369K, committed 101888K, reserved 1179648K
  class space    used 9901K, committed 10560K, reserved 1048576K
}
Event: 13787.232 GC heap before
{Heap before GC invocations=14919 (full 212):
 PSYoungGen      total 7680K, used 7678K [0x00000000eab00000, 0x00000000eb480000, 0x0000000100000000)
  eden space 7168K, 100% used [0x00000000eab00000,0x00000000eb200000,0x00000000eb200000)
  from space 512K, 99% used [0x00000000eb200000,0x00000000eb27f9f8,0x00000000eb280000)
  to   space 1024K, 0% used [0x00000000eb380000,0x00000000eb380000,0x00000000eb480000)
 ParOldGen       total 316416K, used 282865K [0x00000000c0000000, 0x00000000d3500000, 0x00000000eab00000)
  object space 316416K, 89% used [0x00000000c0000000,0x00000000d143c790,0x00000000d3500000)
 Metaspace       used 100372K, committed 101888K, reserved 1179648K
  class space    used 9901K, committed 10560K, reserved 1048576K
}
Event: 13787.239 GC heap after
{Heap after GC invocations=14919 (full 212):
 PSYoungGen      total 8192K, used 948K [0x00000000eab00000, 0x00000000eb500000, 0x0000000100000000)
  eden space 7168K, 0% used [0x00000000eab00000,0x00000000eab00000,0x00000000eb200000)
  from space 1024K, 92% used [0x00000000eb380000,0x00000000eb46d200,0x00000000eb480000)
  to   space 1536K, 0% used [0x00000000eb200000,0x00000000eb200000,0x00000000eb380000)
 ParOldGen       total 316416K, used 283327K [0x00000000c0000000, 0x00000000d3500000, 0x00000000eab00000)
  object space 316416K, 89% used [0x00000000c0000000,0x00000000d14aff10,0x00000000d3500000)
 Metaspace       used 100372K, committed 101888K, reserved 1179648K
  class space    used 9901K, committed 10560K, reserved 1048576K
}
Event: 13787.631 GC heap before
{Heap before GC invocations=14920 (full 212):
 PSYoungGen      total 8192K, used 8116K [0x00000000eab00000, 0x00000000eb500000, 0x0000000100000000)
  eden space 7168K, 100% used [0x00000000eab00000,0x00000000eb200000,0x00000000eb200000)
  from space 1024K, 92% used [0x00000000eb380000,0x00000000eb46d200,0x00000000eb480000)
  to   space 1536K, 0% used [0x00000000eb200000,0x00000000eb200000,0x00000000eb380000)
 ParOldGen       total 316416K, used 283327K [0x00000000c0000000, 0x00000000d3500000, 0x00000000eab00000)
  object space 316416K, 89% used [0x00000000c0000000,0x00000000d14aff10,0x00000000d3500000)
 Metaspace       used 100382K, committed 101888K, reserved 1179648K
  class space    used 9903K, committed 10560K, reserved 1048576K
}
Event: 13787.646 GC heap after
{Heap after GC invocations=14920 (full 212):
 PSYoungGen      total 8192K, used 788K [0x00000000eab00000, 0x00000000eb400000, 0x0000000100000000)
  eden space 7168K, 0% used [0x00000000eab00000,0x00000000eab00000,0x00000000eb200000)
  from space 1024K, 77% used [0x00000000eb200000,0x00000000eb2c5200,0x00000000eb300000)
  to   space 1024K, 0% used [0x00000000eb300000,0x00000000eb300000,0x00000000eb400000)
 ParOldGen       total 316416K, used 284229K [0x00000000c0000000, 0x00000000d3500000, 0x00000000eab00000)
  object space 316416K, 89% used [0x00000000c0000000,0x00000000d15916b0,0x00000000d3500000)
 Metaspace       used 100382K, committed 101888K, reserved 1179648K
  class space    used 9903K, committed 10560K, reserved 1048576K
}

