# JRE version: Java(TM) SE Runtime Environment (17.0.7+8) (build 17.0.7+8-LTS-224)
# Java VM: Java HotSpot(TM) 64-Bit Server VM (17.0.7+8-LTS-224, mixed mode, sharing, tiered, compressed oops, compressed class ptrs, g1 gc, windows-amd64)
GC Precious Log:
 CPUs: 4 total, 4 available
 Memory: 4007M
 Large Page Support: Disabled
 NUMA Support: Disabled
 Compressed Oops: Enabled (32-bit)
 Heap Region Size: 1M
 Heap Min Capacity: 8M
 Heap Initial Capacity: 64M
 Heap Max Capacity: 1002M
 Pre-touch: Disabled
 Parallel Workers: 4
 Concurrent Workers: 1
 Concurrent Refinement Workers: 4
 Periodic GC: Disabled
Heap:
 garbage-first heap   total 65536K, used 12093K [0x00000000c1600000, 0x0000000100000000)
  region size 1024K, 7 young (7168K), 5 survivors (5120K)
 Metaspace       used 17627K, committed 17856K, reserved 1064960K
  class space    used 2231K, committed 2368K, reserved 1048576K
GC Heap History (8 events):
Event: 2.748 GC heap before
{Heap before GC invocations=0 (full 0):
 garbage-first heap   total 65536K, used 13312K [0x00000000c1600000, 0x0000000100000000)
  region size 1024K, 13 young (13312K), 0 survivors (0K)
 Metaspace       used 3542K, committed 3712K, reserved 1056768K
  class space    used 386K, committed 448K, reserved 1048576K
}
Event: 2.898 GC heap after
{Heap after GC invocations=1 (full 0):
 garbage-first heap   total 65536K, used 5994K [0x00000000c1600000, 0x0000000100000000)
  region size 1024K, 2 young (2048K), 2 survivors (2048K)
 Metaspace       used 3542K, committed 3712K, reserved 1056768K
  class space    used 386K, committed 448K, reserved 1048576K
}
Event: 3.886 GC heap before
{Heap before GC invocations=1 (full 0):
 garbage-first heap   total 65536K, used 13162K [0x00000000c1600000, 0x0000000100000000)
  region size 1024K, 9 young (9216K), 2 survivors (2048K)
 Metaspace       used 5625K, committed 5824K, reserved 1056768K
  class space    used 669K, committed 768K, reserved 1048576K
}
Event: 3.894 GC heap after
{Heap after GC invocations=2 (full 0):
 garbage-first heap   total 65536K, used 6811K [0x00000000c1600000, 0x0000000100000000)
  region size 1024K, 1 young (1024K), 1 survivors (1024K)
 Metaspace       used 5625K, committed 5824K, reserved 1056768K
  class space    used 669K, committed 768K, reserved 1048576K
}
Event: 5.621 GC heap before
{Heap before GC invocations=2 (full 0):
 garbage-first heap   total 65536K, used 26267K [0x00000000c1600000, 0x0000000100000000)
  region size 1024K, 20 young (20480K), 1 survivors (1024K)
 Metaspace       used 10305K, committed 10496K, reserved 1064960K
  class space    used 1342K, committed 1408K, reserved 1048576K
}
Event: 5.627 GC heap after
{Heap after GC invocations=3 (full 0):
 garbage-first heap   total 65536K, used 8089K [0x00000000c1600000, 0x0000000100000000)
  region size 1024K, 2 young (2048K), 2 survivors (2048K)
 Metaspace       used 10305K, committed 10496K, reserved 1064960K
  class space    used 1342K, committed 1408K, reserved 1048576K
}
Event: 7.136 GC heap before
{Heap before GC invocations=3 (full 0):
 garbage-first heap   total 65536K, used 40857K [0x00000000c1600000, 0x0000000100000000)
  region size 1024K, 34 young (34816K), 2 survivors (2048K)
 Metaspace       used 17514K, committed 17728K, reserved 1064960K
  class space    used 2215K, committed 2304K, reserved 1048576K
}
Event: 7.146 GC heap after
{Heap after GC invocations=4 (full 0):
 garbage-first heap   total 65536K, used 11069K [0x00000000c1600000, 0x0000000100000000)
  region size 1024K, 5 young (5120K), 5 survivors (5120K)
 Metaspace       used 17514K, committed 17728K, reserved 1064960K
  class space    used 2215K, committed 2304K, reserved 1048576K
}

