# JRE version: OpenJDK Runtime Environment Temurin-17.0.7+7 (17.0.7+7) (build 17.0.7+7)
# Java VM: OpenJDK 64-Bit Server VM Temurin-17.0.7+7 (17.0.7+7, mixed mode, tiered, compressed oops, compressed class ptrs, parallel gc, windows-amd64)
GC Precious Log:
 CPUs: 4 total, 4 available
 Memory: 4007M
 Large Page Support: Disabled
 NUMA Support: Disabled
 Compressed Oops: Enabled (32-bit)
 Alignments: Space 512K, Generation 512K, Heap 2M
 Heap Min Capacity: 100M
 Heap Initial Capacity: 100M
 Heap Max Capacity: 1G
 Pre-touch: Disabled
 Parallel Workers: 4
Heap:
 PSYoungGen      total 10240K, used 8382K [0x00000000eab00000, 0x00000000eb780000, 0x0000000100000000)
  eden space 8704K, 78% used [0x00000000eab00000,0x00000000eb1afb80,0x00000000eb380000)
  from space 1536K, 100% used [0x00000000eb580000,0x00000000eb700000,0x00000000eb700000)
  to   space 2048K, 0% used [0x00000000eb380000,0x00000000eb380000,0x00000000eb580000)
 ParOldGen       total 76288K, used 49955K [0x00000000c0000000, 0x00000000c4a80000, 0x00000000eab00000)
  object space 76288K, 65% used [0x00000000c0000000,0x00000000c30c8d08,0x00000000c4a80000)
 Metaspace       used 72278K, committed 73600K, reserved 1114112K
  class space    used 7710K, committed 8320K, reserved 1048576K
GC Heap History (20 events):
Event: 126.993 GC heap before
{Heap before GC invocations=62 (full 3):
 PSYoungGen      total 9728K, used 9408K [0x00000000eab00000, 0x00000000eb880000, 0x0000000100000000)
  eden space 8704K, 100% used [0x00000000eab00000,0x00000000eb380000,0x00000000eb380000)
  from space 1024K, 68% used [0x00000000eb780000,0x00000000eb830000,0x00000000eb880000)
  to   space 1536K, 0% used [0x00000000eb580000,0x00000000eb580000,0x00000000eb700000)
 ParOldGen       total 68608K, used 64298K [0x00000000c0000000, 0x00000000c4300000, 0x00000000eab00000)
  object space 68608K, 93% used [0x00000000c0000000,0x00000000c3ecaa60,0x00000000c4300000)
 Metaspace       used 67768K, committed 69120K, reserved 1114112K
  class space    used 7157K, committed 7744K, reserved 1048576K
}
Event: 126.995 GC heap after
{Heap after GC invocations=62 (full 3):
 PSYoungGen      total 10240K, used 613K [0x00000000eab00000, 0x00000000eb800000, 0x0000000100000000)
  eden space 8704K, 0% used [0x00000000eab00000,0x00000000eab00000,0x00000000eb380000)
  from space 1536K, 39% used [0x00000000eb580000,0x00000000eb619420,0x00000000eb700000)
  to   space 1024K, 0% used [0x00000000eb700000,0x00000000eb700000,0x00000000eb800000)
 ParOldGen       total 68608K, used 64818K [0x00000000c0000000, 0x00000000c4300000, 0x00000000eab00000)
  object space 68608K, 94% used [0x00000000c0000000,0x00000000c3f4ca60,0x00000000c4300000)
 Metaspace       used 67768K, committed 69120K, reserved 1114112K
  class space    used 7157K, committed 7744K, reserved 1048576K
}
Event: 127.639 GC heap before
{Heap before GC invocations=63 (full 3):
 PSYoungGen      total 10240K, used 9317K [0x00000000eab00000, 0x00000000eb800000, 0x0000000100000000)
  eden space 8704K, 100% used [0x00000000eab00000,0x00000000eb380000,0x00000000eb380000)
  from space 1536K, 39% used [0x00000000eb580000,0x00000000eb619420,0x00000000eb700000)
  to   space 1024K, 0% used [0x00000000eb700000,0x00000000eb700000,0x00000000eb800000)
 ParOldGen       total 68608K, used 64818K [0x00000000c0000000, 0x00000000c4300000, 0x00000000eab00000)
  object space 68608K, 94% used [0x00000000c0000000,0x00000000c3f4ca60,0x00000000c4300000)
 Metaspace       used 67987K, committed 69248K, reserved 1114112K
  class space    used 7185K, committed 7744K, reserved 1048576K
}
Event: 127.641 GC heap after
{Heap after GC invocations=63 (full 3):
 PSYoungGen      total 9216K, used 416K [0x00000000eab00000, 0x00000000eb780000, 0x0000000100000000)
  eden space 8704K, 0% used [0x00000000eab00000,0x00000000eab00000,0x00000000eb380000)
  from space 512K, 81% used [0x00000000eb700000,0x00000000eb768288,0x00000000eb780000)
  to   space 512K, 0% used [0x00000000eb680000,0x00000000eb680000,0x00000000eb700000)
 ParOldGen       total 68608K, used 65326K [0x00000000c0000000, 0x00000000c4300000, 0x00000000eab00000)
  object space 68608K, 95% used [0x00000000c0000000,0x00000000c3fcba70,0x00000000c4300000)
 Metaspace       used 67987K, committed 69248K, reserved 1114112K
  class space    used 7185K, committed 7744K, reserved 1048576K
}
Event: 128.470 GC heap before
{Heap before GC invocations=64 (full 3):
 PSYoungGen      total 9216K, used 9120K [0x00000000eab00000, 0x00000000eb780000, 0x0000000100000000)
  eden space 8704K, 100% used [0x00000000eab00000,0x00000000eb380000,0x00000000eb380000)
  from space 512K, 81% used [0x00000000eb700000,0x00000000eb768288,0x00000000eb780000)
  to   space 512K, 0% used [0x00000000eb680000,0x00000000eb680000,0x00000000eb700000)
 ParOldGen       total 68608K, used 65326K [0x00000000c0000000, 0x00000000c4300000, 0x00000000eab00000)
  object space 68608K, 95% used [0x00000000c0000000,0x00000000c3fcba70,0x00000000c4300000)
 Metaspace       used 68510K, committed 69824K, reserved 1114112K
  class space    used 7243K, committed 7808K, reserved 1048576K
}
Event: 128.471 GC heap after
{Heap after GC invocations=64 (full 3):
 PSYoungGen      total 9216K, used 209K [0x00000000eab00000, 0x00000000eb780000, 0x0000000100000000)
  eden space 8704K, 0% used [0x00000000eab00000,0x00000000eab00000,0x00000000eb380000)
  from space 512K, 40% used [0x00000000eb680000,0x00000000eb6b4460,0x00000000eb700000)
  to   space 512K, 0% used [0x00000000eb700000,0x00000000eb700000,0x00000000eb780000)
 ParOldGen       total 68608K, used 65426K [0x00000000c0000000, 0x00000000c4300000, 0x00000000eab00000)
  object space 68608K, 95% used [0x00000000c0000000,0x00000000c3fe4a90,0x00000000c4300000)
 Metaspace       used 68510K, committed 69824K, reserved 1114112K
  class space    used 7243K, committed 7808K, reserved 1048576K
}
Event: 128.817 GC heap before
{Heap before GC invocations=65 (full 3):
 PSYoungGen      total 9216K, used 8913K [0x00000000eab00000, 0x00000000eb780000, 0x0000000100000000)
  eden space 8704K, 100% used [0x00000000eab00000,0x00000000eb380000,0x00000000eb380000)
  from space 512K, 40% used [0x00000000eb680000,0x00000000eb6b4460,0x00000000eb700000)
  to   space 512K, 0% used [0x00000000eb700000,0x00000000eb700000,0x00000000eb780000)
 ParOldGen       total 68608K, used 65426K [0x00000000c0000000, 0x00000000c4300000, 0x00000000eab00000)
  object space 68608K, 95% used [0x00000000c0000000,0x00000000c3fe4a90,0x00000000c4300000)
 Metaspace       used 69779K, committed 70976K, reserved 1114112K
  class space    used 7407K, committed 7936K, reserved 1048576K
}
Event: 128.818 GC heap after
{Heap after GC invocations=65 (full 3):
 PSYoungGen      total 9216K, used 224K [0x00000000eab00000, 0x00000000eb780000, 0x0000000100000000)
  eden space 8704K, 0% used [0x00000000eab00000,0x00000000eab00000,0x00000000eb380000)
  from space 512K, 43% used [0x00000000eb700000,0x00000000eb738000,0x00000000eb780000)
  to   space 512K, 0% used [0x00000000eb680000,0x00000000eb680000,0x00000000eb700000)
 ParOldGen       total 68608K, used 65563K [0x00000000c0000000, 0x00000000c4300000, 0x00000000eab00000)
  object space 68608K, 95% used [0x00000000c0000000,0x00000000c4006ef0,0x00000000c4300000)
 Metaspace       used 69779K, committed 70976K, reserved 1114112K
  class space    used 7407K, committed 7936K, reserved 1048576K
}
Event: 129.105 GC heap before
{Heap before GC invocations=66 (full 3):
 PSYoungGen      total 9216K, used 8928K [0x00000000eab00000, 0x00000000eb780000, 0x0000000100000000)
  eden space 8704K, 100% used [0x00000000eab00000,0x00000000eb380000,0x00000000eb380000)
  from space 512K, 43% used [0x00000000eb700000,0x00000000eb738000,0x00000000eb780000)
  to   space 512K, 0% used [0x00000000eb680000,0x00000000eb680000,0x00000000eb700000)
 ParOldGen       total 68608K, used 65563K [0x00000000c0000000, 0x00000000c4300000, 0x00000000eab00000)
  object space 68608K, 95% used [0x00000000c0000000,0x00000000c4006ef0,0x00000000c4300000)
 Metaspace       used 70926K, committed 72128K, reserved 1114112K
  class space    used 7598K, committed 8128K, reserved 1048576K
}
Event: 129.107 GC heap after
{Heap after GC invocations=66 (full 3):
 PSYoungGen      total 9216K, used 256K [0x00000000eab00000, 0x00000000eb780000, 0x0000000100000000)
  eden space 8704K, 0% used [0x00000000eab00000,0x00000000eab00000,0x00000000eb380000)
  from space 512K, 50% used [0x00000000eb680000,0x00000000eb6c0000,0x00000000eb700000)
  to   space 512K, 0% used [0x00000000eb700000,0x00000000eb700000,0x00000000eb780000)
 ParOldGen       total 68608K, used 65723K [0x00000000c0000000, 0x00000000c4300000, 0x00000000eab00000)
  object space 68608K, 95% used [0x00000000c0000000,0x00000000c402ef30,0x00000000c4300000)
 Metaspace       used 70926K, committed 72128K, reserved 1114112K
  class space    used 7598K, committed 8128K, reserved 1048576K
}
Event: 542.888 GC heap before
{Heap before GC invocations=67 (full 3):
 PSYoungGen      total 9216K, used 8960K [0x00000000eab00000, 0x00000000eb780000, 0x0000000100000000)
  eden space 8704K, 100% used [0x00000000eab00000,0x00000000eb380000,0x00000000eb380000)
  from space 512K, 50% used [0x00000000eb680000,0x00000000eb6c0000,0x00000000eb700000)
  to   space 512K, 0% used [0x00000000eb700000,0x00000000eb700000,0x00000000eb780000)
 ParOldGen       total 68608K, used 65723K [0x00000000c0000000, 0x00000000c4300000, 0x00000000eab00000)
  object space 68608K, 95% used [0x00000000c0000000,0x00000000c402ef30,0x00000000c4300000)
 Metaspace       used 72003K, committed 73344K, reserved 1114112K
  class space    used 7708K, committed 8320K, reserved 1048576K
}
Event: 542.935 GC heap after
{Heap after GC invocations=67 (full 3):
 PSYoungGen      total 9216K, used 500K [0x00000000eab00000, 0x00000000eb780000, 0x0000000100000000)
  eden space 8704K, 0% used [0x00000000eab00000,0x00000000eab00000,0x00000000eb380000)
  from space 512K, 97% used [0x00000000eb700000,0x00000000eb77d220,0x00000000eb780000)
  to   space 1024K, 0% used [0x00000000eb580000,0x00000000eb580000,0x00000000eb680000)
 ParOldGen       total 68608K, used 65907K [0x00000000c0000000, 0x00000000c4300000, 0x00000000eab00000)
  object space 68608K, 96% used [0x00000000c0000000,0x00000000c405cf40,0x00000000c4300000)
 Metaspace       used 72003K, committed 73344K, reserved 1114112K
  class space    used 7708K, committed 8320K, reserved 1048576K
}
Event: 543.252 GC heap before
{Heap before GC invocations=68 (full 3):
 PSYoungGen      total 9216K, used 9204K [0x00000000eab00000, 0x00000000eb780000, 0x0000000100000000)
  eden space 8704K, 100% used [0x00000000eab00000,0x00000000eb380000,0x00000000eb380000)
  from space 512K, 97% used [0x00000000eb700000,0x00000000eb77d220,0x00000000eb780000)
  to   space 1024K, 0% used [0x00000000eb580000,0x00000000eb580000,0x00000000eb680000)
 ParOldGen       total 68608K, used 65907K [0x00000000c0000000, 0x00000000c4300000, 0x00000000eab00000)
  object space 68608K, 96% used [0x00000000c0000000,0x00000000c405cf40,0x00000000c4300000)
 Metaspace       used 72041K, committed 73344K, reserved 1114112K
  class space    used 7709K, committed 8320K, reserved 1048576K
}
Event: 543.258 GC heap after
{Heap after GC invocations=68 (full 3):
 PSYoungGen      total 9728K, used 1022K [0x00000000eab00000, 0x00000000eb880000, 0x0000000100000000)
  eden space 8704K, 0% used [0x00000000eab00000,0x00000000eab00000,0x00000000eb380000)
  from space 1024K, 99% used [0x00000000eb580000,0x00000000eb67fb10,0x00000000eb680000)
  to   space 2048K, 0% used [0x00000000eb680000,0x00000000eb680000,0x00000000eb880000)
 ParOldGen       total 68608K, used 66880K [0x00000000c0000000, 0x00000000c4300000, 0x00000000eab00000)
  object space 68608K, 97% used [0x00000000c0000000,0x00000000c41502d8,0x00000000c4300000)
 Metaspace       used 72041K, committed 73344K, reserved 1114112K
  class space    used 7709K, committed 8320K, reserved 1048576K
}
Event: 543.345 GC heap before
{Heap before GC invocations=69 (full 3):
 PSYoungGen      total 9728K, used 9726K [0x00000000eab00000, 0x00000000eb880000, 0x0000000100000000)
  eden space 8704K, 100% used [0x00000000eab00000,0x00000000eb380000,0x00000000eb380000)
  from space 1024K, 99% used [0x00000000eb580000,0x00000000eb67fb10,0x00000000eb680000)
  to   space 2048K, 0% used [0x00000000eb680000,0x00000000eb680000,0x00000000eb880000)
 ParOldGen       total 68608K, used 66880K [0x00000000c0000000, 0x00000000c4300000, 0x00000000eab00000)
  object space 68608K, 97% used [0x00000000c0000000,0x00000000c41502d8,0x00000000c4300000)
 Metaspace       used 72047K, committed 73344K, reserved 1114112K
  class space    used 7709K, committed 8320K, reserved 1048576K
}
Event: 543.350 GC heap after
{Heap after GC invocations=69 (full 3):
 PSYoungGen      total 9728K, used 640K [0x00000000eab00000, 0x00000000eb780000, 0x0000000100000000)
  eden space 8704K, 0% used [0x00000000eab00000,0x00000000eab00000,0x00000000eb380000)
  from space 1024K, 62% used [0x00000000eb680000,0x00000000eb720000,0x00000000eb780000)
  to   space 1536K, 0% used [0x00000000eb480000,0x00000000eb480000,0x00000000eb600000)
 ParOldGen       total 68608K, used 67917K [0x00000000c0000000, 0x00000000c4300000, 0x00000000eab00000)
  object space 68608K, 98% used [0x00000000c0000000,0x00000000c4253778,0x00000000c4300000)
 Metaspace       used 72047K, committed 73344K, reserved 1114112K
  class space    used 7709K, committed 8320K, reserved 1048576K
}
Event: 543.350 GC heap before
{Heap before GC invocations=70 (full 4):
 PSYoungGen      total 9728K, used 640K [0x00000000eab00000, 0x00000000eb780000, 0x0000000100000000)
  eden space 8704K, 0% used [0x00000000eab00000,0x00000000eab00000,0x00000000eb380000)
  from space 1024K, 62% used [0x00000000eb680000,0x00000000eb720000,0x00000000eb780000)
  to   space 1536K, 0% used [0x00000000eb480000,0x00000000eb480000,0x00000000eb600000)
 ParOldGen       total 68608K, used 67917K [0x00000000c0000000, 0x00000000c4300000, 0x00000000eab00000)
  object space 68608K, 98% used [0x00000000c0000000,0x00000000c4253778,0x00000000c4300000)
 Metaspace       used 72047K, committed 73344K, reserved 1114112K
  class space    used 7709K, committed 8320K, reserved 1048576K
}
Event: 544.677 GC heap after
{Heap after GC invocations=70 (full 4):
 PSYoungGen      total 9216K, used 0K [0x00000000eab00000, 0x00000000eb700000, 0x0000000100000000)
  eden space 8704K, 0% used [0x00000000eab00000,0x00000000eab00000,0x00000000eb380000)
  from space 512K, 0% used [0x00000000eb480000,0x00000000eb480000,0x00000000eb500000)
  to   space 1536K, 0% used [0x00000000eb580000,0x00000000eb580000,0x00000000eb700000)
 ParOldGen       total 76288K, used 49783K [0x00000000c0000000, 0x00000000c4a80000, 0x00000000eab00000)
  object space 76288K, 65% used [0x00000000c0000000,0x00000000c309dcf8,0x00000000c4a80000)
 Metaspace       used 72045K, committed 73344K, reserved 1114112K
  class space    used 7708K, committed 8320K, reserved 1048576K
}
Event: 544.868 GC heap before
{Heap before GC invocations=71 (full 4):
 PSYoungGen      total 9216K, used 8704K [0x00000000eab00000, 0x00000000eb700000, 0x0000000100000000)
  eden space 8704K, 100% used [0x00000000eab00000,0x00000000eb380000,0x00000000eb380000)
  from space 512K, 0% used [0x00000000eb480000,0x00000000eb480000,0x00000000eb500000)
  to   space 1536K, 0% used [0x00000000eb580000,0x00000000eb580000,0x00000000eb700000)
 ParOldGen       total 76288K, used 49783K [0x00000000c0000000, 0x00000000c4a80000, 0x00000000eab00000)
  object space 76288K, 65% used [0x00000000c0000000,0x00000000c309dcf8,0x00000000c4a80000)
 Metaspace       used 72102K, committed 73408K, reserved 1114112K
  class space    used 7708K, committed 8320K, reserved 1048576K
}
Event: 544.874 GC heap after
{Heap after GC invocations=71 (full 4):
 PSYoungGen      total 10240K, used 1536K [0x00000000eab00000, 0x00000000eb780000, 0x0000000100000000)
  eden space 8704K, 0% used [0x00000000eab00000,0x00000000eab00000,0x00000000eb380000)
  from space 1536K, 100% used [0x00000000eb580000,0x00000000eb700000,0x00000000eb700000)
  to   space 2048K, 0% used [0x00000000eb380000,0x00000000eb380000,0x00000000eb580000)
 ParOldGen       total 76288K, used 49955K [0x00000000c0000000, 0x00000000c4a80000, 0x00000000eab00000)
  object space 76288K, 65% used [0x00000000c0000000,0x00000000c30c8d08,0x00000000c4a80000)
 Metaspace       used 72102K, committed 73408K, reserved 1114112K
  class space    used 7708K, committed 8320K, reserved 1048576K
}

